{"C:\\Users\\DELL\\Desktop\\backend-intern-test\\app.js": {"path":"C:\\Users\\DELL\\Desktop\\backend-intern-test\\app.js","statementMap":{"0":{"start":{"line":1,"column":16},"end":{"line":1,"column":34}},"1":{"start":{"line":2,"column":13},"end":{"line":2,"column":28}},"2":{"start":{"line":3,"column":21},"end":{"line":3,"column":45}},"3":{"start":{"line":4,"column":15},"end":{"line":4,"column":32}},"4":{"start":{"line":6,"column":20},"end":{"line":6,"column":45}},"5":{"start":{"line":7,"column":20},"end":{"line":7,"column":45}},"6":{"start":{"line":8,"column":19},"end":{"line":8,"column":43}},"7":{"start":{"line":10,"column":12},"end":{"line":10,"column":21}},"8":{"start":{"line":12,"column":0},"end":{"line":12,"column":23}},"9":{"start":{"line":13,"column":0},"end":{"line":13,"column":24}},"10":{"start":{"line":14,"column":0},"end":{"line":14,"column":49}},"11":{"start":{"line":15,"column":0},"end":{"line":15,"column":24}},"12":{"start":{"line":16,"column":0},"end":{"line":16,"column":56}},"13":{"start":{"line":18,"column":0},"end":{"line":18,"column":26}},"14":{"start":{"line":19,"column":0},"end":{"line":19,"column":31}},"15":{"start":{"line":20,"column":0},"end":{"line":20,"column":29}},"16":{"start":{"line":22,"column":0},"end":{"line":22,"column":21}}},"fnMap":{},"branchMap":{},"s":{"0":1,"1":1,"2":1,"3":1,"4":1,"5":1,"6":1,"7":1,"8":1,"9":1,"10":1,"11":1,"12":1,"13":1,"14":1,"15":1,"16":1},"f":{},"b":{},"_coverageSchema":"1a1c01bbd47fc00a2c39e90264f33305004495a9","hash":"f9bbddd29b7dc5c923a5d9d3150db36928c9dede"}
,"C:\\Users\\DELL\\Desktop\\backend-intern-test\\config\\config.js": {"path":"C:\\Users\\DELL\\Desktop\\backend-intern-test\\config\\config.js","statementMap":{"0":{"start":{"line":1,"column":13},"end":{"line":1,"column":28}},"1":{"start":{"line":2,"column":0},"end":{"line":2,"column":58}},"2":{"start":{"line":4,"column":0},"end":{"line":21,"column":2}}},"fnMap":{},"branchMap":{},"s":{"0":1,"1":1,"2":1},"f":{},"b":{},"_coverageSchema":"1a1c01bbd47fc00a2c39e90264f33305004495a9","hash":"df7e339d923764c6b7f1f8ed8f3903bc6d243c0b"}
,"C:\\Users\\DELL\\Desktop\\backend-intern-test\\controllers\\users.js": {"path":"C:\\Users\\DELL\\Desktop\\backend-intern-test\\controllers\\users.js","statementMap":{"0":{"start":{"line":1,"column":21},"end":{"line":1,"column":53}},"1":{"start":{"line":2,"column":23},"end":{"line":2,"column":57}},"2":{"start":{"line":3,"column":20},"end":{"line":3,"column":48}},"3":{"start":{"line":4,"column":23},"end":{"line":4,"column":55}},"4":{"start":{"line":8,"column":4},"end":{"line":8,"column":33}},"5":{"start":{"line":11,"column":18},"end":{"line":46,"column":4}},"6":{"start":{"line":19,"column":8},"end":{"line":19,"column":16}},"7":{"start":{"line":20,"column":22},"end":{"line":27,"column":6}},"8":{"start":{"line":28,"column":4},"end":{"line":35,"column":5}},"9":{"start":{"line":29,"column":28},"end":{"line":33,"column":7}},"10":{"start":{"line":34,"column":6},"end":{"line":34,"column":60}},"11":{"start":{"line":36,"column":4},"end":{"line":45,"column":6}},"12":{"start":{"line":48,"column":17},"end":{"line":59,"column":4}},"13":{"start":{"line":49,"column":22},"end":{"line":49,"column":50}},"14":{"start":{"line":50,"column":4},"end":{"line":57,"column":5}},"15":{"start":{"line":51,"column":28},"end":{"line":55,"column":7}},"16":{"start":{"line":56,"column":6},"end":{"line":56,"column":60}},"17":{"start":{"line":58,"column":4},"end":{"line":58,"column":43}},"18":{"start":{"line":62,"column":0},"end":{"line":62,"column":32}}},"fnMap":{"0":{"name":"(anonymous_0)","decl":{"start":{"line":11,"column":29},"end":{"line":11,"column":30}},"loc":{"start":{"line":11,"column":49},"end":{"line":46,"column":3}},"line":11},"1":{"name":"(anonymous_1)","decl":{"start":{"line":48,"column":28},"end":{"line":48,"column":29}},"loc":{"start":{"line":48,"column":48},"end":{"line":59,"column":3}},"line":48}},"branchMap":{"0":{"loc":{"start":{"line":24,"column":20},"end":{"line":24,"column":63}},"type":"cond-expr","locations":[{"start":{"line":24,"column":35},"end":{"line":24,"column":58}},{"start":{"line":24,"column":61},"end":{"line":24,"column":63}}],"line":24},"1":{"loc":{"start":{"line":28,"column":4},"end":{"line":35,"column":5}},"type":"if","locations":[{"start":{"line":28,"column":4},"end":{"line":35,"column":5}},{"start":{},"end":{}}],"line":28},"2":{"loc":{"start":{"line":41,"column":22},"end":{"line":41,"column":65}},"type":"cond-expr","locations":[{"start":{"line":41,"column":37},"end":{"line":41,"column":60}},{"start":{"line":41,"column":63},"end":{"line":41,"column":65}}],"line":41},"3":{"loc":{"start":{"line":50,"column":4},"end":{"line":57,"column":5}},"type":"if","locations":[{"start":{"line":50,"column":4},"end":{"line":57,"column":5}},{"start":{},"end":{}}],"line":50}},"s":{"0":1,"1":1,"2":1,"3":1,"4":1,"5":1,"6":10,"7":10,"8":10,"9":8,"10":8,"11":2,"12":1,"13":5,"14":5,"15":2,"16":2,"17":3,"18":1},"f":{"0":10,"1":5},"b":{"0":[9,1],"1":[8,2],"2":[2,0],"3":[2,3]},"_coverageSchema":"1a1c01bbd47fc00a2c39e90264f33305004495a9","hash":"82c6ced034448f82ca34a0926b0d00e43f7914b5"}
,"C:\\Users\\DELL\\Desktop\\backend-intern-test\\db\\models\\index.js": {"path":"C:\\Users\\DELL\\Desktop\\backend-intern-test\\db\\models\\index.js","statementMap":{"0":{"start":{"line":3,"column":11},"end":{"line":3,"column":24}},"1":{"start":{"line":4,"column":13},"end":{"line":4,"column":28}},"2":{"start":{"line":5,"column":18},"end":{"line":5,"column":38}},"3":{"start":{"line":6,"column":17},"end":{"line":6,"column":42}},"4":{"start":{"line":7,"column":12},"end":{"line":7,"column":49}},"5":{"start":{"line":8,"column":15},"end":{"line":8,"column":66}},"6":{"start":{"line":9,"column":11},"end":{"line":9,"column":13}},"7":{"start":{"line":12,"column":0},"end":{"line":16,"column":1}},"8":{"start":{"line":13,"column":2},"end":{"line":13,"column":74}},"9":{"start":{"line":15,"column":2},"end":{"line":15,"column":87}},"10":{"start":{"line":18,"column":0},"end":{"line":26,"column":5}},"11":{"start":{"line":21,"column":4},"end":{"line":21,"column":90}},"12":{"start":{"line":24,"column":18},"end":{"line":24,"column":85}},"13":{"start":{"line":25,"column":4},"end":{"line":25,"column":27}},"14":{"start":{"line":28,"column":0},"end":{"line":32,"column":3}},"15":{"start":{"line":29,"column":2},"end":{"line":31,"column":3}},"16":{"start":{"line":30,"column":4},"end":{"line":30,"column":32}},"17":{"start":{"line":34,"column":0},"end":{"line":34,"column":25}},"18":{"start":{"line":35,"column":0},"end":{"line":35,"column":25}},"19":{"start":{"line":37,"column":0},"end":{"line":37,"column":20}}},"fnMap":{"0":{"name":"(anonymous_0)","decl":{"start":{"line":20,"column":10},"end":{"line":20,"column":11}},"loc":{"start":{"line":20,"column":18},"end":{"line":22,"column":3}},"line":20},"1":{"name":"(anonymous_1)","decl":{"start":{"line":23,"column":11},"end":{"line":23,"column":12}},"loc":{"start":{"line":23,"column":19},"end":{"line":26,"column":3}},"line":23},"2":{"name":"(anonymous_2)","decl":{"start":{"line":28,"column":24},"end":{"line":28,"column":25}},"loc":{"start":{"line":28,"column":37},"end":{"line":32,"column":1}},"line":28}},"branchMap":{"0":{"loc":{"start":{"line":7,"column":12},"end":{"line":7,"column":49}},"type":"binary-expr","locations":[{"start":{"line":7,"column":12},"end":{"line":7,"column":32}},{"start":{"line":7,"column":36},"end":{"line":7,"column":49}}],"line":7},"1":{"loc":{"start":{"line":12,"column":0},"end":{"line":16,"column":1}},"type":"if","locations":[{"start":{"line":12,"column":0},"end":{"line":16,"column":1}},{"start":{"line":14,"column":7},"end":{"line":16,"column":1}}],"line":12},"2":{"loc":{"start":{"line":21,"column":11},"end":{"line":21,"column":89}},"type":"binary-expr","locations":[{"start":{"line":21,"column":12},"end":{"line":21,"column":35}},{"start":{"line":21,"column":41},"end":{"line":21,"column":58}},{"start":{"line":21,"column":64},"end":{"line":21,"column":88}}],"line":21},"3":{"loc":{"start":{"line":29,"column":2},"end":{"line":31,"column":3}},"type":"if","locations":[{"start":{"line":29,"column":2},"end":{"line":31,"column":3}},{"start":{},"end":{}}],"line":29}},"s":{"0":1,"1":1,"2":1,"3":1,"4":1,"5":1,"6":1,"7":1,"8":0,"9":1,"10":1,"11":2,"12":1,"13":1,"14":1,"15":1,"16":1,"17":1,"18":1,"19":1},"f":{"0":2,"1":1,"2":1},"b":{"0":[1,0],"1":[0,1],"2":[2,2,1],"3":[1,0]},"_coverageSchema":"1a1c01bbd47fc00a2c39e90264f33305004495a9","hash":"26a618eadd312072f1cf87236c8859236a5a2bbc"}
,"C:\\Users\\DELL\\Desktop\\backend-intern-test\\db\\models\\user.js": {"path":"C:\\Users\\DELL\\Desktop\\backend-intern-test\\db\\models\\user.js","statementMap":{"0":{"start":{"line":2,"column":18},"end":{"line":2,"column":38}},"1":{"start":{"line":3,"column":15},"end":{"line":3,"column":32}},"2":{"start":{"line":4,"column":0},"end":{"line":66,"column":2}},"3":{"start":{"line":15,"column":2},"end":{"line":61,"column":4}},"4":{"start":{"line":28,"column":10},"end":{"line":28,"column":56}},"5":{"start":{"line":31,"column":10},"end":{"line":31,"column":69}},"6":{"start":{"line":52,"column":23},"end":{"line":52,"column":47}},"7":{"start":{"line":53,"column":10},"end":{"line":53,"column":65}},"8":{"start":{"line":62,"column":2},"end":{"line":64,"column":4}},"9":{"start":{"line":63,"column":4},"end":{"line":63,"column":55}},"10":{"start":{"line":65,"column":2},"end":{"line":65,"column":14}}},"fnMap":{"0":{"name":"(anonymous_0)","decl":{"start":{"line":4,"column":17},"end":{"line":4,"column":18}},"loc":{"start":{"line":4,"column":43},"end":{"line":66,"column":1}},"line":4},"1":{"name":"(anonymous_1)","decl":{"start":{"line":11,"column":4},"end":{"line":11,"column":5}},"loc":{"start":{"line":11,"column":29},"end":{"line":13,"column":5}},"line":11},"2":{"name":"(anonymous_2)","decl":{"start":{"line":27,"column":8},"end":{"line":27,"column":9}},"loc":{"start":{"line":27,"column":14},"end":{"line":29,"column":9}},"line":27},"3":{"name":"(anonymous_3)","decl":{"start":{"line":30,"column":8},"end":{"line":30,"column":9}},"loc":{"start":{"line":30,"column":19},"end":{"line":32,"column":9}},"line":30},"4":{"name":"(anonymous_4)","decl":{"start":{"line":51,"column":22},"end":{"line":51,"column":23}},"loc":{"start":{"line":51,"column":38},"end":{"line":54,"column":9}},"line":51},"5":{"name":"(anonymous_5)","decl":{"start":{"line":62,"column":35},"end":{"line":62,"column":36}},"loc":{"start":{"line":62,"column":55},"end":{"line":64,"column":3}},"line":62}},"branchMap":{},"s":{"0":1,"1":1,"2":1,"3":1,"4":3,"5":0,"6":1,"7":1,"8":1,"9":2,"10":1},"f":{"0":1,"1":1,"2":3,"3":0,"4":1,"5":2},"b":{},"_coverageSchema":"1a1c01bbd47fc00a2c39e90264f33305004495a9","hash":"cb4093ad81e271c781f851824c57ac47bd06380d"}
,"C:\\Users\\DELL\\Desktop\\backend-intern-test\\routes\\auth.js": {"path":"C:\\Users\\DELL\\Desktop\\backend-intern-test\\routes\\auth.js","statementMap":{"0":{"start":{"line":1,"column":16},"end":{"line":1,"column":34}},"1":{"start":{"line":2,"column":23},"end":{"line":2,"column":54}},"2":{"start":{"line":3,"column":15},"end":{"line":3,"column":31}},"3":{"start":{"line":5,"column":0},"end":{"line":5,"column":52}},"4":{"start":{"line":6,"column":0},"end":{"line":6,"column":50}},"5":{"start":{"line":8,"column":0},"end":{"line":8,"column":24}}},"fnMap":{},"branchMap":{},"s":{"0":1,"1":1,"2":1,"3":1,"4":1,"5":1},"f":{},"b":{},"_coverageSchema":"1a1c01bbd47fc00a2c39e90264f33305004495a9","hash":"2aa03570b646f5c565d884936d0f1edc3e0a3603"}
,"C:\\Users\\DELL\\Desktop\\backend-intern-test\\routes\\index.js": {"path":"C:\\Users\\DELL\\Desktop\\backend-intern-test\\routes\\index.js","statementMap":{"0":{"start":{"line":1,"column":14},"end":{"line":1,"column":32}},"1":{"start":{"line":2,"column":13},"end":{"line":2,"column":29}},"2":{"start":{"line":5,"column":0},"end":{"line":7,"column":3}},"3":{"start":{"line":6,"column":2},"end":{"line":6,"column":44}},"4":{"start":{"line":9,"column":0},"end":{"line":9,"column":24}}},"fnMap":{"0":{"name":"(anonymous_0)","decl":{"start":{"line":5,"column":16},"end":{"line":5,"column":17}},"loc":{"start":{"line":5,"column":41},"end":{"line":7,"column":1}},"line":5}},"branchMap":{},"s":{"0":1,"1":1,"2":1,"3":0,"4":1},"f":{"0":0},"b":{},"_coverageSchema":"1a1c01bbd47fc00a2c39e90264f33305004495a9","hash":"f933e529798f9ecab36045b6b801bae40170cbc4"}
,"C:\\Users\\DELL\\Desktop\\backend-intern-test\\routes\\users.js": {"path":"C:\\Users\\DELL\\Desktop\\backend-intern-test\\routes\\users.js","statementMap":{"0":{"start":{"line":1,"column":14},"end":{"line":1,"column":32}},"1":{"start":{"line":2,"column":13},"end":{"line":2,"column":29}},"2":{"start":{"line":5,"column":0},"end":{"line":7,"column":3}},"3":{"start":{"line":6,"column":2},"end":{"line":6,"column":38}},"4":{"start":{"line":9,"column":0},"end":{"line":9,"column":24}}},"fnMap":{"0":{"name":"(anonymous_0)","decl":{"start":{"line":5,"column":16},"end":{"line":5,"column":17}},"loc":{"start":{"line":5,"column":41},"end":{"line":7,"column":1}},"line":5}},"branchMap":{},"s":{"0":1,"1":1,"2":1,"3":0,"4":1},"f":{"0":0},"b":{},"_coverageSchema":"1a1c01bbd47fc00a2c39e90264f33305004495a9","hash":"cb16b9d407e907018aab240e3af93bee3fa0f316"}
,"C:\\Users\\DELL\\Desktop\\backend-intern-test\\services\\users.js": {"path":"C:\\Users\\DELL\\Desktop\\backend-intern-test\\services\\users.js","statementMap":{"0":{"start":{"line":1,"column":11},"end":{"line":1,"column":34}},"1":{"start":{"line":2,"column":21},"end":{"line":2,"column":53}},"2":{"start":{"line":3,"column":32},"end":{"line":3,"column":71}},"3":{"start":{"line":4,"column":23},"end":{"line":4,"column":57}},"4":{"start":{"line":6,"column":17},"end":{"line":6,"column":19}},"5":{"start":{"line":9,"column":22},"end":{"line":12,"column":1}},"6":{"start":{"line":10,"column":19},"end":{"line":10,"column":52}},"7":{"start":{"line":11,"column":2},"end":{"line":11,"column":52}},"8":{"start":{"line":16,"column":4},"end":{"line":29,"column":5}},"9":{"start":{"line":17,"column":27},"end":{"line":17,"column":95}},"10":{"start":{"line":18,"column":6},"end":{"line":18,"column":89}},"11":{"start":{"line":18,"column":24},"end":{"line":18,"column":89}},"12":{"start":{"line":19,"column":19},"end":{"line":19,"column":42}},"13":{"start":{"line":21,"column":30},"end":{"line":25,"column":7}},"14":{"start":{"line":26,"column":6},"end":{"line":26,"column":62}},"15":{"start":{"line":28,"column":6},"end":{"line":28,"column":68}},"16":{"start":{"line":33,"column":4},"end":{"line":54,"column":5}},"17":{"start":{"line":34,"column":19},"end":{"line":34,"column":67}},"18":{"start":{"line":35,"column":6},"end":{"line":36,"column":75}},"19":{"start":{"line":36,"column":8},"end":{"line":36,"column":75}},"20":{"start":{"line":37,"column":30},"end":{"line":37,"column":60}},"21":{"start":{"line":38,"column":6},"end":{"line":44,"column":10}},"22":{"start":{"line":39,"column":8},"end":{"line":44,"column":10}},"23":{"start":{"line":45,"column":20},"end":{"line":45,"column":45}},"24":{"start":{"line":47,"column":30},"end":{"line":50,"column":8}},"25":{"start":{"line":51,"column":6},"end":{"line":51,"column":62}},"26":{"start":{"line":53,"column":6},"end":{"line":53,"column":68}},"27":{"start":{"line":58,"column":0},"end":{"line":58,"column":29}}},"fnMap":{"0":{"name":"(anonymous_0)","decl":{"start":{"line":9,"column":22},"end":{"line":9,"column":23}},"loc":{"start":{"line":9,"column":54},"end":{"line":12,"column":1}},"line":9},"1":{"name":"(anonymous_1)","decl":{"start":{"line":15,"column":2},"end":{"line":15,"column":3}},"loc":{"start":{"line":15,"column":33},"end":{"line":30,"column":3}},"line":15},"2":{"name":"(anonymous_2)","decl":{"start":{"line":32,"column":2},"end":{"line":32,"column":3}},"loc":{"start":{"line":32,"column":55},"end":{"line":55,"column":3}},"line":32}},"branchMap":{"0":{"loc":{"start":{"line":18,"column":6},"end":{"line":18,"column":89}},"type":"if","locations":[{"start":{"line":18,"column":6},"end":{"line":18,"column":89}},{"start":{},"end":{}}],"line":18},"1":{"loc":{"start":{"line":35,"column":6},"end":{"line":36,"column":75}},"type":"if","locations":[{"start":{"line":35,"column":6},"end":{"line":36,"column":75}},{"start":{},"end":{}}],"line":35},"2":{"loc":{"start":{"line":38,"column":6},"end":{"line":44,"column":10}},"type":"if","locations":[{"start":{"line":38,"column":6},"end":{"line":44,"column":10}},{"start":{},"end":{}}],"line":38}},"s":{"0":1,"1":1,"2":1,"3":1,"4":1,"5":1,"6":3,"7":3,"8":2,"9":2,"10":2,"11":1,"12":1,"13":1,"14":1,"15":0,"16":3,"17":3,"18":3,"19":1,"20":2,"21":2,"22":1,"23":1,"24":1,"25":1,"26":0,"27":1},"f":{"0":3,"1":2,"2":3},"b":{"0":[1,1],"1":[1,2],"2":[1,1]},"_coverageSchema":"1a1c01bbd47fc00a2c39e90264f33305004495a9","hash":"054d0c491c5510c19b0ebc1c6e1d5ec6e6dc260c"}
,"C:\\Users\\DELL\\Desktop\\backend-intern-test\\tests\\mockData.js": {"path":"C:\\Users\\DELL\\Desktop\\backend-intern-test\\tests\\mockData.js","statementMap":{"0":{"start":{"line":1,"column":0},"end":{"line":8,"column":1}}},"fnMap":{},"branchMap":{},"s":{"0":1},"f":{},"b":{},"_coverageSchema":"1a1c01bbd47fc00a2c39e90264f33305004495a9","hash":"cacf2e25f22e377bfe08bf4ae5febbfdf2da870f"}
,"C:\\Users\\DELL\\Desktop\\backend-intern-test\\utils\\asyncHandler.js": {"path":"C:\\Users\\DELL\\Desktop\\backend-intern-test\\utils\\asyncHandler.js","statementMap":{"0":{"start":{"line":1,"column":21},"end":{"line":1,"column":46}},"1":{"start":{"line":3,"column":0},"end":{"line":11,"column":1}},"2":{"start":{"line":3,"column":27},"end":{"line":11,"column":1}},"3":{"start":{"line":4,"column":2},"end":{"line":10,"column":3}},"4":{"start":{"line":5,"column":4},"end":{"line":5,"column":23}},"5":{"start":{"line":7,"column":26},"end":{"line":7,"column":73}},"6":{"start":{"line":8,"column":21},"end":{"line":8,"column":45}},"7":{"start":{"line":9,"column":4},"end":{"line":9,"column":41}}},"fnMap":{"0":{"name":"(anonymous_0)","decl":{"start":{"line":3,"column":21},"end":{"line":3,"column":22}},"loc":{"start":{"line":3,"column":27},"end":{"line":11,"column":1}},"line":3},"1":{"name":"(anonymous_1)","decl":{"start":{"line":3,"column":27},"end":{"line":3,"column":28}},"loc":{"start":{"line":3,"column":41},"end":{"line":11,"column":1}},"line":3}},"branchMap":{},"s":{"0":1,"1":1,"2":2,"3":15,"4":15,"5":0,"6":0,"7":0},"f":{"0":2,"1":15},"b":{},"_coverageSchema":"1a1c01bbd47fc00a2c39e90264f33305004495a9","hash":"c4db5409332681b9895d744e10b7ef1d2bc242a0"}
,"C:\\Users\\DELL\\Desktop\\backend-intern-test\\utils\\errorHandler.js": {"path":"C:\\Users\\DELL\\Desktop\\backend-intern-test\\utils\\errorHandler.js","statementMap":{"0":{"start":{"line":3,"column":4},"end":{"line":3,"column":18}},"1":{"start":{"line":4,"column":4},"end":{"line":4,"column":52}},"2":{"start":{"line":6,"column":4},"end":{"line":6,"column":37}},"3":{"start":{"line":7,"column":4},"end":{"line":7,"column":24}},"4":{"start":{"line":8,"column":4},"end":{"line":8,"column":20}},"5":{"start":{"line":12,"column":4},"end":{"line":16,"column":5}},"6":{"start":{"line":20,"column":0},"end":{"line":20,"column":29}}},"fnMap":{"0":{"name":"(anonymous_0)","decl":{"start":{"line":2,"column":2},"end":{"line":2,"column":3}},"loc":{"start":{"line":2,"column":59},"end":{"line":9,"column":3}},"line":2},"1":{"name":"(anonymous_1)","decl":{"start":{"line":11,"column":2},"end":{"line":11,"column":3}},"loc":{"start":{"line":11,"column":13},"end":{"line":17,"column":3}},"line":11}},"branchMap":{"0":{"loc":{"start":{"line":2,"column":15},"end":{"line":2,"column":37}},"type":"default-arg","locations":[{"start":{"line":2,"column":24},"end":{"line":2,"column":37}}],"line":2},"1":{"loc":{"start":{"line":2,"column":48},"end":{"line":2,"column":57}},"type":"default-arg","locations":[{"start":{"line":2,"column":55},"end":{"line":2,"column":57}}],"line":2}},"s":{"0":13,"1":13,"2":13,"3":13,"4":13,"5":13,"6":1},"f":{"0":13,"1":13},"b":{"0":[0],"1":[3]},"_coverageSchema":"1a1c01bbd47fc00a2c39e90264f33305004495a9","hash":"d953655ec4339ecb0ea1f31b3a2c84346614349f"}
,"C:\\Users\\DELL\\Desktop\\backend-intern-test\\utils\\generateAccessToken.js": {"path":"C:\\Users\\DELL\\Desktop\\backend-intern-test\\utils\\generateAccessToken.js","statementMap":{"0":{"start":{"line":1,"column":12},"end":{"line":1,"column":35}},"1":{"start":{"line":2,"column":0},"end":{"line":2,"column":58}},"2":{"start":{"line":4,"column":0},"end":{"line":7,"column":1}},"3":{"start":{"line":5,"column":16},"end":{"line":5,"column":79}},"4":{"start":{"line":6,"column":2},"end":{"line":6,"column":14}}},"fnMap":{"0":{"name":"(anonymous_0)","decl":{"start":{"line":4,"column":30},"end":{"line":4,"column":31}},"loc":{"start":{"line":4,"column":40},"end":{"line":7,"column":1}},"line":4}},"branchMap":{},"s":{"0":1,"1":1,"2":1,"3":1,"4":1},"f":{"0":1},"b":{},"_coverageSchema":"1a1c01bbd47fc00a2c39e90264f33305004495a9","hash":"5cbfcb0a0635d51ab4362d100e2df5dfbcfb696b"}
,"C:\\Users\\DELL\\Desktop\\backend-intern-test\\utils\\successHandler.js": {"path":"C:\\Users\\DELL\\Desktop\\backend-intern-test\\utils\\successHandler.js","statementMap":{"0":{"start":{"line":3,"column":4},"end":{"line":3,"column":37}},"1":{"start":{"line":4,"column":4},"end":{"line":4,"column":24}},"2":{"start":{"line":5,"column":4},"end":{"line":5,"column":20}},"3":{"start":{"line":6,"column":4},"end":{"line":6,"column":26}},"4":{"start":{"line":10,"column":4},"end":{"line":14,"column":5}},"5":{"start":{"line":18,"column":0},"end":{"line":18,"column":31}}},"fnMap":{"0":{"name":"(anonymous_0)","decl":{"start":{"line":2,"column":2},"end":{"line":2,"column":3}},"loc":{"start":{"line":2,"column":50},"end":{"line":7,"column":3}},"line":2},"1":{"name":"(anonymous_1)","decl":{"start":{"line":9,"column":2},"end":{"line":9,"column":3}},"loc":{"start":{"line":9,"column":13},"end":{"line":15,"column":3}},"line":9}},"branchMap":{"0":{"loc":{"start":{"line":2,"column":15},"end":{"line":2,"column":28}},"type":"default-arg","locations":[{"start":{"line":2,"column":24},"end":{"line":2,"column":28}}],"line":2},"1":{"loc":{"start":{"line":2,"column":39},"end":{"line":2,"column":48}},"type":"default-arg","locations":[{"start":{"line":2,"column":46},"end":{"line":2,"column":48}}],"line":2}},"s":{"0":2,"1":2,"2":2,"3":2,"4":2,"5":1},"f":{"0":2,"1":2},"b":{"0":[0],"1":[0]},"_coverageSchema":"1a1c01bbd47fc00a2c39e90264f33305004495a9","hash":"22f4774c7bd1f3b2a80dff7198099042e795defb"}
,"C:\\Users\\DELL\\Desktop\\backend-intern-test\\utils\\validator.js": {"path":"C:\\Users\\DELL\\Desktop\\backend-intern-test\\utils\\validator.js","statementMap":{"0":{"start":{"line":1,"column":12},"end":{"line":1,"column":26}},"1":{"start":{"line":3,"column":0},"end":{"line":23,"column":2}},"2":{"start":{"line":4,"column":17},"end":{"line":18,"column":4}},"3":{"start":{"line":20,"column":20},"end":{"line":20,"column":41}},"4":{"start":{"line":22,"column":2},"end":{"line":22,"column":19}},"5":{"start":{"line":25,"column":0},"end":{"line":41,"column":1}},"6":{"start":{"line":26,"column":17},"end":{"line":36,"column":4}},"7":{"start":{"line":38,"column":20},"end":{"line":38,"column":41}},"8":{"start":{"line":40,"column":2},"end":{"line":40,"column":19}}},"fnMap":{"0":{"name":"(anonymous_0)","decl":{"start":{"line":3,"column":32},"end":{"line":3,"column":33}},"loc":{"start":{"line":3,"column":42},"end":{"line":23,"column":1}},"line":3},"1":{"name":"(anonymous_1)","decl":{"start":{"line":25,"column":29},"end":{"line":25,"column":30}},"loc":{"start":{"line":25,"column":39},"end":{"line":41,"column":1}},"line":25}},"branchMap":{},"s":{"0":1,"1":1,"2":10,"3":10,"4":10,"5":1,"6":5,"7":5,"8":5},"f":{"0":10,"1":5},"b":{},"_coverageSchema":"1a1c01bbd47fc00a2c39e90264f33305004495a9","hash":"9e41a78e7f640c96c51fb6362831e7a70f69cd4d"}
}
